Build started 03/11/2015 11:18:16.
     1>Project "D:\CIS2343_Code\AbstractEmployeeProject\AbstractEmployeeProject\AbstractEmployeeProject.vcxproj" on node 2 (Build target(s)).
     1>C:\Program Files (x86)\MSBuild\Microsoft.Cpp\v4.0\V120\Microsoft.CppBuild.targets(362,5): warning MSB8003: Could not find WindowsSDKDir variable from the registry.  TargetFrameworkVersion or PlatformToolset may be set to an invalid version number.
     1>ClCompile:
         C:\Program Files (x86)\Microsoft Visual Studio 12.0\VC\bin\CL.exe /c /ZI /nologo /W3 /WX- /sdl /Od /Oy- /D WIN32 /D _DEBUG /D _CONSOLE /D _LIB /D _UNICODE /D UNICODE /Gm /EHsc /RTC1 /MDd /GS /fp:precise /Zc:wchar_t /Zc:forScope /Yc"stdafx.h" /Fp"Debug\AbstractEmployeeProject.pch" /Fo"Debug\\" /Fd"Debug\vc120.pdb" /Gd /TP /analyze- /errorReport:prompt stdafx.cpp
         stdafx.cpp
         C:\Program Files (x86)\Microsoft Visual Studio 12.0\VC\bin\CL.exe /c /ZI /nologo /W3 /WX- /sdl /Od /Oy- /D WIN32 /D _DEBUG /D _CONSOLE /D _LIB /D _UNICODE /D UNICODE /Gm /EHsc /RTC1 /MDd /GS /fp:precise /Zc:wchar_t /Zc:forScope /Yu"stdafx.h" /Fp"Debug\AbstractEmployeeProject.pch" /Fo"Debug\\" /Fd"Debug\vc120.pdb" /Gd /TP /analyze- /errorReport:prompt BasePlusCommissionEmployee.cpp CommissionEmployee.cpp Date.cpp Employee.cpp HourlyEmployee.cpp Main.cpp SalariedEmployee.cpp
         SalariedEmployee.cpp
         Main.cpp
     1>d:\cis2343_code\abstractemployeeproject\abstractemployeeproject\main.cpp(55): warning C4018: '<' : signed/unsigned mismatch
     1>d:\cis2343_code\abstractemployeeproject\abstractemployeeproject\main.cpp(62): warning C4018: '<' : signed/unsigned mismatch
         HourlyEmployee.cpp
         Employee.cpp
         Date.cpp
         CommissionEmployee.cpp
         BasePlusCommissionEmployee.cpp
         Generating Code...
       Link:
         C:\Program Files (x86)\Microsoft Visual Studio 12.0\VC\bin\link.exe /ERRORREPORT:PROMPT /OUT:"D:\CIS2343_Code\AbstractEmployeeProject\Debug\AbstractEmployeeProject.exe" /INCREMENTAL /NOLOGO kernel32.lib user32.lib gdi32.lib winspool.lib comdlg32.lib advapi32.lib shell32.lib ole32.lib oleaut32.lib uuid.lib odbc32.lib odbccp32.lib /MANIFEST /MANIFESTUAC:"level='asInvoker' uiAccess='false'" /manifest:embed /DEBUG /PDB:"D:\CIS2343_Code\AbstractEmployeeProject\Debug\AbstractEmployeeProject.pdb" /SUBSYSTEM:CONSOLE /TLBID:1 /DYNAMICBASE /NXCOMPAT /IMPLIB:"D:\CIS2343_Code\AbstractEmployeeProject\Debug\AbstractEmployeeProject.lib" /MACHINE:X86 Debug\Main.obj
         Debug\BasePlusCommissionEmployee.obj
         Debug\CommissionEmployee.obj
         Debug\Date.obj
         Debug\Employee.obj
         Debug\HourlyEmployee.obj
         Debug\SalariedEmployee.obj
         Debug\stdafx.obj
         AbstractEmployeeProject.vcxproj -> D:\CIS2343_Code\AbstractEmployeeProject\Debug\AbstractEmployeeProject.exe
     1>Done Building Project "D:\CIS2343_Code\AbstractEmployeeProject\AbstractEmployeeProject\AbstractEmployeeProject.vcxproj" (Build target(s)).

Build succeeded.

Time Elapsed 00:00:01.04
