d:\software projects\bankinterface\crlform\debug\vc120.pdb
c:\users\simon\software projects\cis2343\accountinterface\crlform\debug\vc120.pdb
c:\users\simon\software projects\cis2343\accountinterface\crlform\debug\stdafx.obj
c:\users\simon\software projects\cis2343\accountinterface\crlform\debug\myform.obj
c:\users\simon\software projects\cis2343\accountinterface\crlform\debug\controller.obj
c:\users\simon\software projects\cis2343\accountinterface\crlform\debug\account.obj
c:\users\simon\software projects\cis2343\accountinterface\crlform\debug\.netframework,version=v4.5.assemblyattributes.obj
d:\software projects\bankinterface\crlform\debug\crlform.bankinterface.resources
c:\users\simon\software projects\cis2343\accountinterface\crlform\debug\crlform.bankinterface.resources
d:\software projects\bankinterface\debug\formexample.exe
d:\software projects\bankinterface\debug\formexample.pdb
c:\users\simon\software projects\cis2343\accountinterface\debug\formexample.exe
c:\users\simon\software projects\cis2343\accountinterface\debug\formexample.pdb
c:\users\simon\software projects\cis2343\accountinterface\crlform\debug\crlform.vcxproj.generateresource.cache
c:\users\simon\software projects\cis2343\accountinterface\crlform\debug\crlform.vcxprojresolveassemblyreference.cache
c:\users\simon\software projects\cis2343\accountinterface\crlform\debug\formexample.tlog\cl.command.1.tlog
c:\users\simon\software projects\cis2343\accountinterface\crlform\debug\formexample.tlog\cl.read.1.tlog
c:\users\simon\software projects\cis2343\accountinterface\crlform\debug\formexample.tlog\cl.write.1.tlog
c:\users\simon\software projects\cis2343\accountinterface\crlform\debug\formexample.tlog\formexample.write.1u.tlog
c:\users\simon\software projects\cis2343\accountinterface\crlform\debug\formexample.tlog\link.command.1.tlog
c:\users\simon\software projects\cis2343\accountinterface\crlform\debug\formexample.tlog\link.read.1.tlog
c:\users\simon\software projects\cis2343\accountinterface\crlform\debug\formexample.tlog\link.write.1.tlog
c:\users\simon\software projects\cis2343\accountinterface\crlform\debug\formexample.tlog\metagen.read.1.tlog
c:\users\simon\software projects\cis2343\accountinterface\crlform\debug\formexample.tlog\metagen.write.1.tlog
c:\users\simon\software projects\cis2343\accountinterface\crlform\debug\formexample.tlog\rsaenh.dll.bi
c:\users\simon\software projects\cis2343\accountinterface\crlform\debug\formexample.tlog\tzres.dll.bi
