Build started 27/10/2015 11:32:14.
     1>Project "C:\Users\simon\Software Projects\CIS2343\BankSolution\BankSolution\BankSolution.vcxproj" on node 2 (Build target(s)).
     1>ClCompile:
         C:\Program Files (x86)\Microsoft Visual Studio 12.0\VC\bin\CL.exe /c /ZI /nologo /W3 /WX- /sdl /Od /Oy- /D WIN32 /D _DEBUG /D _CONSOLE /D _LIB /D _UNICODE /D UNICODE /Gm /EHsc /RTC1 /MDd /GS /fp:precise /Zc:wchar_t /Zc:forScope /Yc"stdafx.h" /Fp"Debug\BankSolution.pch" /Fo"Debug\\" /Fd"Debug\vc120.pdb" /Gd /TP /analyze- /errorReport:prompt stdafx.cpp
         stdafx.cpp
         C:\Program Files (x86)\Microsoft Visual Studio 12.0\VC\bin\CL.exe /c /ZI /nologo /W3 /WX- /sdl /Od /Oy- /D WIN32 /D _DEBUG /D _CONSOLE /D _LIB /D _UNICODE /D UNICODE /Gm /EHsc /RTC1 /MDd /GS /fp:precise /Zc:wchar_t /Zc:forScope /Yu"stdafx.h" /Fp"Debug\BankSolution.pch" /Fo"Debug\\" /Fd"Debug\vc120.pdb" /Gd /TP /analyze- /errorReport:prompt Account.cpp BankSolution.cpp Person.cpp
         Person.cpp
     1>c:\users\simon\software projects\cis2343\banksolution\banksolution\person.cpp(23): warning C4018: '<' : signed/unsigned mismatch
     1>c:\users\simon\software projects\cis2343\banksolution\banksolution\person.cpp(40): warning C4018: '<' : signed/unsigned mismatch
     1>c:\users\simon\software projects\cis2343\banksolution\banksolution\person.cpp(55): warning C4018: '<' : signed/unsigned mismatch
     1>c:\users\simon\software projects\cis2343\banksolution\banksolution\person.cpp(69): warning C4018: '<' : signed/unsigned mismatch
         BankSolution.cpp
         Account.cpp
         Generating Code...
       Link:
         C:\Program Files (x86)\Microsoft Visual Studio 12.0\VC\bin\link.exe /ERRORREPORT:PROMPT /OUT:"C:\Users\simon\Software Projects\CIS2343\BankSolution\Debug\BankSolution.exe" /INCREMENTAL /NOLOGO kernel32.lib user32.lib gdi32.lib winspool.lib comdlg32.lib advapi32.lib shell32.lib ole32.lib oleaut32.lib uuid.lib odbc32.lib odbccp32.lib /MANIFEST /MANIFESTUAC:"level='asInvoker' uiAccess='false'" /manifest:embed /DEBUG /PDB:"C:\Users\simon\Software Projects\CIS2343\BankSolution\Debug\BankSolution.pdb" /SUBSYSTEM:CONSOLE /TLBID:1 /DYNAMICBASE /NXCOMPAT /IMPLIB:"C:\Users\simon\Software Projects\CIS2343\BankSolution\Debug\BankSolution.lib" /MACHINE:X86 Debug\Account.obj
         Debug\BankSolution.obj
         Debug\Person.obj
         Debug\stdafx.obj
         BankSolution.vcxproj -> C:\Users\simon\Software Projects\CIS2343\BankSolution\Debug\BankSolution.exe
     1>Done Building Project "C:\Users\simon\Software Projects\CIS2343\BankSolution\BankSolution\BankSolution.vcxproj" (Build target(s)).

Build succeeded.

Time Elapsed 00:00:01.93
