d:\software projects\serveroo\serveroo\debug\serveroo.pch
d:\software projects\serveroo\serveroo\debug\vc120.pdb
d:\software projects\serveroo\serveroo\debug\vc120.idb
d:\software projects\serveroo\serveroo\debug\stdafx.obj
d:\software projects\serveroo\serveroo\debug\networkservices.obj
d:\software projects\serveroo\serveroo\debug\serverexample.obj
d:\software projects\serveroo\serveroo\debug\servernetwork.obj
d:\software projects\serveroo\serveroo\debug\serveroo.obj
d:\software projects\serveroo\serveroo\debug\startserver.obj
c:\work\serveroo\serveroo\debug\serveroo.pch
c:\work\serveroo\serveroo\debug\vc140.pdb
c:\work\serveroo\serveroo\debug\vc140.idb
c:\work\serveroo\serveroo\debug\stdafx.obj
c:\work\serveroo\serveroo\debug\networkservices.obj
c:\work\serveroo\serveroo\debug\serverexample.obj
c:\work\serveroo\serveroo\debug\servernetwork.obj
c:\work\serveroo\serveroo\debug\serveroo.obj
c:\work\serveroo\serveroo\debug\startserver.obj
d:\software projects\serveroo\debug\serveroo.ilk
d:\software projects\serveroo\debug\serveroo.exe
d:\software projects\serveroo\debug\serveroo.pdb
c:\work\serveroo\debug\serveroo.ilk
c:\work\serveroo\debug\serveroo.exe
c:\work\serveroo\debug\serveroo.pdb
k:\cis2343\serveroo\serveroo\serveroo\debug\networkservices.obj
k:\cis2343\serveroo\serveroo\serveroo\debug\serveroo.obj
k:\cis2343\serveroo\serveroo\serveroo\debug\stdafx.obj
k:\cis2343\serveroo\serveroo\serveroo\debug\startserver.obj
k:\cis2343\serveroo\serveroo\serveroo\debug\servernetwork.obj
k:\cis2343\serveroo\serveroo\serveroo\debug\serverexample.obj
k:\cis2343\serveroo\serveroo\serveroo\debug\serveroo.pch
k:\cis2343\serveroo\serveroo\serveroo\debug\vc120.idb
k:\cis2343\serveroo\serveroo\serveroo\debug\vc140.idb
k:\cis2343\serveroo\serveroo\serveroo\debug\vc140.pdb
k:\cis2343\serveroo\serveroo\serveroo\debug\vc120.pdb
k:\cis2343\serveroo\serveroo\debug\serveroo.pdb
k:\cis2343\serveroo\serveroo\debug\serveroo.exe
k:\cis2343\serveroo\serveroo\debug\serveroo.ilk
k:\cis2343\serveroo\serveroo\serveroo\debug\serveroo.tlog\link.command.1.tlog
k:\cis2343\serveroo\serveroo\serveroo\debug\serveroo.tlog\cl.write.1.tlog
k:\cis2343\serveroo\serveroo\serveroo\debug\serveroo.tlog\link.read.1.tlog
k:\cis2343\serveroo\serveroo\serveroo\debug\serveroo.tlog\cl.command.1.tlog
k:\cis2343\serveroo\serveroo\serveroo\debug\serveroo.tlog\cl.read.1.tlog
k:\cis2343\serveroo\serveroo\serveroo\debug\serveroo.tlog\link.write.1.tlog
